app/build/outputs/logs/manifest-merger-debug-report.txt
-- Merging decision tree log ---
manifest
ADDED from src\main\AndroidManifest.xml:2:1-143:12
INJECTED from src\main\AndroidManifest.xml:2:1-143:12
INJECTED from src\main\AndroidManifest.xml:2:1-143:12
INJECTED from src\main\AndroidManifest.xml:2:1-143:12
MERGED from [com.google.android.material:material:1.0.0] AndroidManifest.xml:17:1-24:12
MERGED from [androidx.appcompat:appcompat:1.0.2] AndroidManifest.xml:17:1-22:12
MERGED from [androidx.constraintlayout:constraintlayout:1.1.3] AndroidManifest.xml:2:1-11:12
MERGED from [androidx.fragment:fragment:1.0.0] AndroidManifest.xml:17:1-22:12
MERGED from [androidx.vectordrawable:vectordrawable-animated:1.0.0] AndroidManifest.xml:17:1-22:12
MERGED from [androidx.recyclerview:recyclerview:1.0.0] AndroidManifest.xml:17:1-22:12
MERGED from [androidx.legacy:legacy-support-core-ui:1.0.0] AndroidManifest.xml:17:1-22:12
MERGED from [androidx.legacy:legacy-support-core-utils:1.0.0] AndroidManifest.xml:17:1-22:12
MERGED from [androidx.vectordrawable:vectordrawable:1.0.1] AndroidManifest.xml:17:1-22:12
MERGED from [androidx.transition:transition:1.0.0] AndroidManifest.xml:17:1-22:12
MERGED from [androidx.loader:loader:1.0.0] AndroidManifest.xml:17:1-22:12
MERGED from [androidx.viewpager:viewpager:1.0.0] AndroidManifest.xml:17:1-22:12
MERGED from [androidx.coordinatorlayout:coordinatorlayout:1.0.0] AndroidManifest.xml:17:1-22:12
MERGED from [androidx.drawerlayout:drawerlayout:1.0.0] AndroidManifest.xml:17:1-22:12
MERGED from [androidx.slidingpanelayout:slidingpanelayout:1.0.0] AndroidManifest.xml:17:1-22:12
MERGED from [androidx.customview:customview:1.0.0] AndroidManifest.xml:17:1-22:12
MERGED from [androidx.swiperefreshlayout:swiperefreshlayout:1.0.0] AndroidManifest.xml:17:1-22:12
MERGED from [androidx.asynclayoutinflater:asynclayoutinflater:1.0.0] AndroidManifest.xml:17:1-22:12
MERGED from [androidx.core:core:1.0.1] AndroidManifest.xml:17:1-24:12
MERGED from [androidx.versionedparcelable:versionedparcelable:1.0.0] AndroidManifest.xml:17:1-25:12
MERGED from [androidx.cursoradapter:cursoradapter:1.0.0] AndroidManifest.xml:17:1-22:12
MERGED from [androidx.cardview:cardview:1.0.0] AndroidManifest.xml:17:1-22:12
MERGED from [androidx.lifecycle:lifecycle-runtime:2.0.0] AndroidManifest.xml:17:1-22:12
MERGED from [androidx.documentfile:documentfile:1.0.0] AndroidManifest.xml:17:1-22:12
MERGED from [androidx.localbroadcastmanager:localbroadcastmanager:1.0.0] AndroidManifest.xml:17:1-22:12
MERGED from [androidx.print:print:1.0.0] AndroidManifest.xml:17:1-22:12
MERGED from [androidx.lifecycle:lifecycle-viewmodel:2.0.0] AndroidManifest.xml:17:1-22:12
MERGED from [androidx.interpolator:interpolator:1.0.0] AndroidManifest.xml:17:1-22:12
MERGED from [androidx.lifecycle:lifecycle-livedata:2.0.0] AndroidManifest.xml:17:1-22:12
MERGED from [androidx.lifecycle:lifecycle-livedata-core:2.0.0] AndroidManifest.xml:17:1-22:12
MERGED from [androidx.arch.core:core-runtime:2.0.0] AndroidManifest.xml:17:1-22:12
INJECTED from src\main\AndroidManifest.xml:2:1-143:12
INJECTED from src\main\AndroidManifest.xml:2:1-143:12
INJECTED from src\main\AndroidManifest.xml:2:1-143:12
	package
		ADDED from src\main\AndroidManifest.xml:3:5-37
		INJECTED from src\main\AndroidManifest.xml
		INJECTED from src\main\AndroidManifest.xml
	android:versionName
		INJECTED from src\main\AndroidManifest.xml
		ADDED from src\main\AndroidManifest.xml:2:1-143:12
		INJECTED from src\main\AndroidManifest.xml
	android:versionCode
		INJECTED from src\main\AndroidManifest.xml
		ADDED from src\main\AndroidManifest.xml:2:1-143:12
		INJECTED from src\main\AndroidManifest.xml
	xmlns:android
		ADDED from src\main\AndroidManifest.xml:2:11-69
application
ADDED from src\main\AndroidManifest.xml:5:5-141:19
MERGED from [com.google.android.material:material:1.0.0] AndroidManifest.xml:22:5-20
MERGED from [com.google.android.material:material:1.0.0] AndroidManifest.xml:22:5-20
MERGED from [androidx.constraintlayout:constraintlayout:1.1.3] AndroidManifest.xml:9:5-20
MERGED from [androidx.constraintlayout:constraintlayout:1.1.3] AndroidManifest.xml:9:5-20
MERGED from [androidx.core:core:1.0.1] AndroidManifest.xml:22:5-89
MERGED from [androidx.core:core:1.0.1] AndroidManifest.xml:22:5-89
MERGED from [androidx.versionedparcelable:versionedparcelable:1.0.0] AndroidManifest.xml:22:5-23:19
MERGED from [androidx.versionedparcelable:versionedparcelable:1.0.0] AndroidManifest.xml:22:5-23:19
	android:appComponentFactory
		ADDED from [androidx.core:core:1.0.1] AndroidManifest.xml:22:18-86
	android:supportsRtl
		ADDED from src\main\AndroidManifest.xml:10:9-35
	android:label
		ADDED from src\main\AndroidManifest.xml:8:9-41
	android:roundIcon
		ADDED from src\main\AndroidManifest.xml:9:9-54
	android:icon
		ADDED from src\main\AndroidManifest.xml:7:9-43
	android:allowBackup
		ADDED from src\main\AndroidManifest.xml:6:9-35
	android:theme
		ADDED from src\main\AndroidManifest.xml:11:9-40
activity#com.example.healthcare.nurse_profile2
ADDED from src\main\AndroidManifest.xml:12:9-106
	android:parentActivityName
		ADDED from src\main\AndroidManifest.xml:12:50-94
	android:name
		ADDED from src\main\AndroidManifest.xml:12:19-49
activity#com.example.healthcare.doc_profile2
ADDED from src\main\AndroidManifest.xml:13:9-15:69
	android:parentActivityName
		ADDED from src\main\AndroidManifest.xml:15:13-57
	android:name
		ADDED from src\main\AndroidManifest.xml:14:13-41
activity#com.example.healthcare.choose_profile
ADDED from src\main\AndroidManifest.xml:16:9-24:20
	android:parentActivityName
		ADDED from src\main\AndroidManifest.xml:18:13-55
	android:name
		ADDED from src\main\AndroidManifest.xml:17:13-43
intent-filter#action:name:android.intent.action.MAIN+category:name:android.intent.category.LAUNCHER
ADDED from src\main\AndroidManifest.xml:19:13-23:29
action#android.intent.action.MAIN
ADDED from src\main\AndroidManifest.xml:20:17-69
	android:name
		ADDED from src\main\AndroidManifest.xml:20:25-66
category#android.intent.category.LAUNCHER
ADDED from src\main\AndroidManifest.xml:22:17-77
	android:name
		ADDED from src\main\AndroidManifest.xml:22:27-74
activity#com.example.healthcare.choose_register
ADDED from src\main\AndroidManifest.xml:25:9-33:20
	android:parentActivityName
		ADDED from src\main\AndroidManifest.xml:27:13-55
	android:name
		ADDED from src\main\AndroidManifest.xml:26:13-44
activity#com.example.healthcare.services
ADDED from src\main\AndroidManifest.xml:34:9-42:20
	android:parentActivityName
		ADDED from src\main\AndroidManifest.xml:36:13-55
	android:name
		ADDED from src\main\AndroidManifest.xml:35:13-37
activity#com.example.healthcare.login
ADDED from src\main\AndroidManifest.xml:43:9-51:20
	android:parentActivityName
		ADDED from src\main\AndroidManifest.xml:45:13-55
	android:name
		ADDED from src\main\AndroidManifest.xml:44:13-34
activity#com.example.healthcare.patient_profile
ADDED from src\main\AndroidManifest.xml:52:9-60:20
	android:parentActivityName
		ADDED from src\main\AndroidManifest.xml:54:13-57
	android:name
		ADDED from src\main\AndroidManifest.xml:53:13-44
activity#com.example.healthcare.aboutUs
ADDED from src\main\AndroidManifest.xml:61:9-69:20
	android:parentActivityName
		ADDED from src\main\AndroidManifest.xml:63:13-55
	android:name
		ADDED from src\main\AndroidManifest.xml:62:13-36
activity#com.example.healthcare.Register_PatientActivity
ADDED from src\main\AndroidManifest.xml:70:9-78:20
	android:parentActivityName
		ADDED from src\main\AndroidManifest.xml:72:13-58
	android:name
		ADDED from src\main\AndroidManifest.xml:71:13-53
activity#com.example.healthcare.Register_DoctorActivity
ADDED from src\main\AndroidManifest.xml:79:9-87:20
	android:parentActivityName
		ADDED from src\main\AndroidManifest.xml:81:13-58
	android:name
		ADDED from src\main\AndroidManifest.xml:80:13-52
activity#com.example.healthcare.regNurses
ADDED from src\main\AndroidManifest.xml:88:9-96:20
	android:parentActivityName
		ADDED from src\main\AndroidManifest.xml:90:13-58
	android:name
		ADDED from src\main\AndroidManifest.xml:89:13-38
activity#com.example.healthcare.requestform
ADDED from src\main\AndroidManifest.xml:97:9-99:54
	android:parentActivityName
		ADDED from src\main\AndroidManifest.xml:99:13-51
	android:name
		ADDED from src\main\AndroidManifest.xml:98:13-40
activity#com.example.healthcare.Alarm_item
ADDED from src\main\AndroidManifest.xml:100:9-106:20
	android:name
		ADDED from src\main\AndroidManifest.xml:100:19-45
activity#com.example.healthcare.AddRemainderActivity
ADDED from src\main\AndroidManifest.xml:107:9-115:20
	android:parentActivityName
		ADDED from src\main\AndroidManifest.xml:109:13-53
	android:name
		ADDED from src\main\AndroidManifest.xml:108:13-49
activity#com.example.healthcare.alarm_home
ADDED from src\main\AndroidManifest.xml:116:9-124:20
	android:parentActivityName
		ADDED from src\main\AndroidManifest.xml:118:13-55
	android:name
		ADDED from src\main\AndroidManifest.xml:117:13-39
activity#com.example.healthcare.MainActivity
ADDED from src\main\AndroidManifest.xml:125:9-131:20
	android:name
		ADDED from src\main\AndroidManifest.xml:125:19-47
activity#com.example.healthcare.nurse_profile
ADDED from src\main\AndroidManifest.xml:132:9-140:20
	android:parentActivityName
		ADDED from src\main\AndroidManifest.xml:134:13-57
	android:name
		ADDED from src\main\AndroidManifest.xml:133:13-42
uses-sdk
INJECTED from src\main\AndroidManifest.xml reason: use-sdk injection requested
INJECTED from src\main\AndroidManifest.xml
INJECTED from src\main\AndroidManifest.xml
MERGED from [com.google.android.material:material:1.0.0] AndroidManifest.xml:20:5-44
MERGED from [com.google.android.material:material:1.0.0] AndroidManifest.xml:20:5-44
MERGED from [androidx.appcompat:appcompat:1.0.2] AndroidManifest.xml:20:5-44
MERGED from [androidx.appcompat:appcompat:1.0.2] AndroidManifest.xml:20:5-44
MERGED from [androidx.constraintlayout:constraintlayout:1.1.3] AndroidManifest.xml:5:5-7:41
MERGED from [androidx.constraintlayout:constraintlayout:1.1.3] AndroidManifest.xml:5:5-7:41
MERGED from [androidx.fragment:fragment:1.0.0] AndroidManifest.xml:20:5-44
MERGED from [androidx.fragment:fragment:1.0.0] AndroidManifest.xml:20:5-44
MERGED from [androidx.vectordrawable:vectordrawable-animated:1.0.0] AndroidManifest.xml:20:5-44
MERGED from [androidx.vectordrawable:vectordrawable-animated:1.0.0] AndroidManifest.xml:20:5-44
MERGED from [androidx.recyclerview:recyclerview:1.0.0] AndroidManifest.xml:20:5-44
MERGED from [androidx.recyclerview:recyclerview:1.0.0] AndroidManifest.xml:20:5-44
MERGED from [androidx.legacy:legacy-support-core-ui:1.0.0] AndroidManifest.xml:20:5-44
MERGED from [androidx.legacy:legacy-support-core-ui:1.0.0] AndroidManifest.xml:20:5-44
MERGED from [androidx.legacy:legacy-support-core-utils:1.0.0] AndroidManifest.xml:20:5-44
MERGED from [androidx.legacy:legacy-support-core-utils:1.0.0] AndroidManifest.xml:20:5-44
MERGED from [androidx.vectordrawable:vectordrawable:1.0.1] AndroidManifest.xml:20:5-44
MERGED from [androidx.vectordrawable:vectordrawable:1.0.1] AndroidManifest.xml:20:5-44
MERGED from [androidx.transition:transition:1.0.0] AndroidManifest.xml:20:5-44
MERGED from [androidx.transition:transition:1.0.0] AndroidManifest.xml:20:5-44
MERGED from [androidx.loader:loader:1.0.0] AndroidManifest.xml:20:5-44
MERGED from [androidx.loader:loader:1.0.0] AndroidManifest.xml:20:5-44
MERGED from [androidx.viewpager:viewpager:1.0.0] AndroidManifest.xml:20:5-44
MERGED from [androidx.viewpager:viewpager:1.0.0] AndroidManifest.xml:20:5-44
MERGED from [androidx.coordinatorlayout:coordinatorlayout:1.0.0] AndroidManifest.xml:20:5-44
MERGED from [androidx.coordinatorlayout:coordinatorlayout:1.0.0] AndroidManifest.xml:20:5-44
MERGED from [androidx.drawerlayout:drawerlayout:1.0.0] AndroidManifest.xml:20:5-44
MERGED from [androidx.drawerlayout:drawerlayout:1.0.0] AndroidManifest.xml:20:5-44
MERGED from [androidx.slidingpanelayout:slidingpanelayout:1.0.0] AndroidManifest.xml:20:5-44
MERGED from [androidx.slidingpanelayout:slidingpanelayout:1.0.0] AndroidManifest.xml:20:5-44
MERGED from [androidx.customview:customview:1.0.0] AndroidManifest.xml:20:5-44
MERGED from [androidx.customview:customview:1.0.0] AndroidManifest.xml:20:5-44
MERGED from [androidx.swiperefreshlayout:swiperefreshlayout:1.0.0] AndroidManifest.xml:20:5-44
MERGED from [androidx.swiperefreshlayout:swiperefreshlayout:1.0.0] AndroidManifest.xml:20:5-44
MERGED from [androidx.asynclayoutinflater:asynclayoutinflater:1.0.0] AndroidManifest.xml:20:5-44
MERGED from [androidx.asynclayoutinflater:asynclayoutinflater:1.0.0] AndroidManifest.xml:20:5-44
MERGED from [androidx.core:core:1.0.1] AndroidManifest.xml:20:5-44
MERGED from [androidx.core:core:1.0.1] AndroidManifest.xml:20:5-44
MERGED from [androidx.versionedparcelable:versionedparcelable:1.0.0] AndroidManifest.xml:20:5-44
MERGED from [androidx.versionedparcelable:versionedparcelable:1.0.0] AndroidManifest.xml:20:5-44
MERGED from [androidx.cursoradapter:cursoradapter:1.0.0] AndroidManifest.xml:20:5-44
MERGED from [androidx.cursoradapter:cursoradapter:1.0.0] AndroidManifest.xml:20:5-44
MERGED from [androidx.cardview:cardview:1.0.0] AndroidManifest.xml:20:5-44
MERGED from [androidx.cardview:cardview:1.0.0] AndroidManifest.xml:20:5-44
MERGED from [androidx.lifecycle:lifecycle-runtime:2.0.0] AndroidManifest.xml:20:5-44
MERGED from [androidx.lifecycle:lifecycle-runtime:2.0.0] AndroidManifest.xml:20:5-44
MERGED from [androidx.documentfile:documentfile:1.0.0] AndroidManifest.xml:20:5-44
MERGED from [androidx.documentfile:documentfile:1.0.0] AndroidManifest.xml:20:5-44
MERGED from [androidx.localbroadcastmanager:localbroadcastmanager:1.0.0] AndroidManifest.xml:20:5-44
MERGED from [androidx.localbroadcastmanager:localbroadcastmanager:1.0.0] AndroidManifest.xml:20:5-44
MERGED from [androidx.print:print:1.0.0] AndroidManifest.xml:20:5-44
MERGED from [androidx.print:print:1.0.0] AndroidManifest.xml:20:5-44
MERGED from [androidx.lifecycle:lifecycle-viewmodel:2.0.0] AndroidManifest.xml:20:5-44
MERGED from [androidx.lifecycle:lifecycle-viewmodel:2.0.0] AndroidManifest.xml:20:5-44
MERGED from [androidx.interpolator:interpolator:1.0.0] AndroidManifest.xml:20:5-44
MERGED from [androidx.interpolator:interpolator:1.0.0] AndroidManifest.xml:20:5-44
MERGED from [androidx.lifecycle:lifecycle-livedata:2.0.0] AndroidManifest.xml:20:5-44
MERGED from [androidx.lifecycle:lifecycle-livedata:2.0.0] AndroidManifest.xml:20:5-44
MERGED from [androidx.lifecycle:lifecycle-livedata-core:2.0.0] AndroidManifest.xml:20:5-44
MERGED from [androidx.lifecycle:lifecycle-livedata-core:2.0.0] AndroidManifest.xml:20:5-44
MERGED from [androidx.arch.core:core-runtime:2.0.0] AndroidManifest.xml:20:5-44
MERGED from [androidx.arch.core:core-runtime:2.0.0] AndroidManifest.xml:20:5-44
INJECTED from src\main\AndroidManifest.xml
INJECTED from src\main\AndroidManifest.xml
	android:targetSdkVersion
		INJECTED from src\main\AndroidManifest.xml
		ADDED from src\main\AndroidManifest.xml
		INJECTED from src\main\AndroidManifest.xml
	android:minSdkVersion
		INJECTED from src\main\AndroidManifest.xml
		ADDED from src\main\AndroidManifest.xml
		INJECTED from src\main\AndroidManifest.xml